Mplus VERSION 8 (Mac)
MUTHEN & MUTHEN
10/04/2019  12:22 PM

INPUT INSTRUCTIONS


  TITLE:article4_CA

  DATA:FILE IS mplusexport2.csv;
  VARIABLE:
  NAMES ARE Q62_t1  Q64_t1  Q65_t1
  Q71_t1  Q72_t1  Q61_t1 Q73_t1  Q74_t1
  Q28 Q28a Q28c
  Q161_t1 Q162_t1 Q164_t1
  Q54_t1 Q56_t1 Q57_t1
  Q87_t1 Q88_t1 Q89_t1
  size age dyn pm lassets;

  USEVARIABLES ARE Q62_t1 Q64_t1
  Q72_t1  Q61_t1 Q73_t1  Q74_t1
  Q28 Q28a Q28c
  Q161_t1 Q162_t1 Q164_t1
  Q54_t1 Q56_t1 Q57_t1
  Q87_t1 Q88_t1 Q89_t1
  size pm lassets age;


  MISSING ARE ALL (-9999);
  !CLUSTER = fid;
  !DEFINE: CENTER rd (GROUPMEAN);	
  DATA MISSING:
  !TYPE = IMPUTATION;
  !NAME = Q19 Q19a Q19b Q19c Q19d Q20d;
  ANALYSIS:
  !TYPE = RANDOM;
  !TYPE = IMPUTATION;
  !ALGORITHM=INTEGRATION;
  !INTEGRATION = MONTECARLO(500);
  !ESTIMATOR = WLSMV;

  MODEL:

  DCL BY Q62_t1 Q64_t1 Q72_t1;
  DCC BY Q61_t1 Q73_t1 Q74_t1;

  CA0 BY Q28 Q28a Q28c;
  CA1 BY Q161_t1 Q162_t1 Q164_t1;
  P BY Q54_t1 Q56_t1 Q57_t1;
  R BY Q87_t1 Q88_t1 Q89_t1;
  !DCINT | DCL XWITH DCC;


  !ASS BY lassets;
  !PR BY pm;
  !SZ BY size;

  R ON DCL DCC;
  P ON DCL DCC;

  CA1 ON CA0 R P DCL DCC pm size lassets age;

  DCC WITH DCL;

  !SEIZ BY  q20b  q19c  q20;
  !TRAN BY  q25 q25b q25c;


  !MAN0 BY OP0 MO0 TA0 PE0;
  !MAN1 BY OP1 MO1 TA1 PE1;

  !MAN1 ON MAN0 kur;
  !MAN0 ON kur;
  !MANINT | MAN0 XWITH kur;
  !MAN1 ON MANINT;


  !IC BY icp ico;

  !IC ON rd(a);
  !inn ON IC(b);
  !inn ON rd(c);
  !inn ON sz agt sz2 pol;
  !MANINT | MAN0 XWITH ldc;
  !inn ON polint;
  !s | inn ON IC;


  !!! H5P.org

  !model constraint: new(indm,tot);
  !indm=a*b;
  !tot=c + (a*b);

  !outint | IC XWITH out;
  !inn ON polint;



  OUTPUT:STANDARDIZED;
  !OUTPUT: TECH2;

  !interpretation https://stats.idre.ucla.edu/mplus/output/lgcm_mlm/mlmtwolevel2/


  !http://www.statmodel.com/discussion/messages/11/4461.html?1509660108



*** WARNING
  Data set contains cases with missing on x-variables.
  These cases were not included in the analysis.
  Number of cases with missing on x-variables:  40
   1 WARNING(S) FOUND IN THE INPUT INSTRUCTIONS



article4_CA

SUMMARY OF ANALYSIS

Number of groups                                                 1
Number of observations                                         222

Number of dependent variables                                   18
Number of independent variables                                  4
Number of continuous latent variables                            6

Observed dependent variables

  Continuous
   Q62_T1      Q64_T1      Q72_T1      Q61_T1      Q73_T1      Q74_T1
   Q28         Q28A        Q28C        Q161_T1     Q162_T1     Q164_T1
   Q54_T1      Q56_T1      Q57_T1      Q87_T1      Q88_T1      Q89_T1

Observed independent variables
   SIZE        PM          LASSETS     AGE

Continuous latent variables
   DCL         DCC         CA0         CA1         P           R


Estimator                                                       ML
Information matrix                                        OBSERVED
Maximum number of iterations                                  1000
Convergence criterion                                    0.500D-04
Maximum number of steepest descent iterations                   20
Maximum number of iterations for H1                           2000
Convergence criterion for H1                             0.100D-03

Input data file(s)
  mplusexport2.csv

Input data format  FREE


SUMMARY OF DATA

     Number of missing data patterns             3


COVARIANCE COVERAGE OF DATA

Minimum covariance coverage value   0.100


     PROPORTION OF DATA PRESENT


           Covariance Coverage
              Q62_T1        Q64_T1        Q72_T1        Q61_T1        Q73_T1
              ________      ________      ________      ________      ________
 Q62_T1         1.000
 Q64_T1         1.000         1.000
 Q72_T1         1.000         1.000         1.000
 Q61_T1         1.000         1.000         1.000         1.000
 Q73_T1         1.000         1.000         1.000         1.000         1.000
 Q74_T1         1.000         1.000         1.000         1.000         1.000
 Q28            0.928         0.928         0.928         0.928         0.928
 Q28A           0.928         0.928         0.928         0.928         0.928
 Q28C           0.928         0.928         0.928         0.928         0.928
 Q161_T1        1.000         1.000         1.000         1.000         1.000
 Q162_T1        1.000         1.000         1.000         1.000         1.000
 Q164_T1        1.000         1.000         1.000         1.000         1.000
 Q54_T1         0.995         0.995         0.995         0.995         0.995
 Q56_T1         0.995         0.995         0.995         0.995         0.995
 Q57_T1         0.995         0.995         0.995         0.995         0.995
 Q87_T1         1.000         1.000         1.000         1.000         1.000
 Q88_T1         1.000         1.000         1.000         1.000         1.000
 Q89_T1         1.000         1.000         1.000         1.000         1.000
 SIZE           1.000         1.000         1.000         1.000         1.000
 PM             1.000         1.000         1.000         1.000         1.000
 LASSETS        1.000         1.000         1.000         1.000         1.000
 AGE            1.000         1.000         1.000         1.000         1.000


           Covariance Coverage
              Q74_T1        Q28           Q28A          Q28C          Q161_T1
              ________      ________      ________      ________      ________
 Q74_T1         1.000
 Q28            0.928         0.928
 Q28A           0.928         0.928         0.928
 Q28C           0.928         0.928         0.928         0.928
 Q161_T1        1.000         0.928         0.928         0.928         1.000
 Q162_T1        1.000         0.928         0.928         0.928         1.000
 Q164_T1        1.000         0.928         0.928         0.928         1.000
 Q54_T1         0.995         0.923         0.923         0.923         0.995
 Q56_T1         0.995         0.923         0.923         0.923         0.995
 Q57_T1         0.995         0.923         0.923         0.923         0.995
 Q87_T1         1.000         0.928         0.928         0.928         1.000
 Q88_T1         1.000         0.928         0.928         0.928         1.000
 Q89_T1         1.000         0.928         0.928         0.928         1.000
 SIZE           1.000         0.928         0.928         0.928         1.000
 PM             1.000         0.928         0.928         0.928         1.000
 LASSETS        1.000         0.928         0.928         0.928         1.000
 AGE            1.000         0.928         0.928         0.928         1.000


           Covariance Coverage
              Q162_T1       Q164_T1       Q54_T1        Q56_T1        Q57_T1
              ________      ________      ________      ________      ________
 Q162_T1        1.000
 Q164_T1        1.000         1.000
 Q54_T1         0.995         0.995         0.995
 Q56_T1         0.995         0.995         0.995         0.995
 Q57_T1         0.995         0.995         0.995         0.995         0.995
 Q87_T1         1.000         1.000         0.995         0.995         0.995
 Q88_T1         1.000         1.000         0.995         0.995         0.995
 Q89_T1         1.000         1.000         0.995         0.995         0.995
 SIZE           1.000         1.000         0.995         0.995         0.995
 PM             1.000         1.000         0.995         0.995         0.995
 LASSETS        1.000         1.000         0.995         0.995         0.995
 AGE            1.000         1.000         0.995         0.995         0.995


           Covariance Coverage
              Q87_T1        Q88_T1        Q89_T1        SIZE          PM
              ________      ________      ________      ________      ________
 Q87_T1         1.000
 Q88_T1         1.000         1.000
 Q89_T1         1.000         1.000         1.000
 SIZE           1.000         1.000         1.000         1.000
 PM             1.000         1.000         1.000         1.000         1.000
 LASSETS        1.000         1.000         1.000         1.000         1.000
 AGE            1.000         1.000         1.000         1.000         1.000


           Covariance Coverage
              LASSETS       AGE
              ________      ________
 LASSETS        1.000
 AGE            1.000         1.000



UNIVARIATE SAMPLE STATISTICS


     UNIVARIATE HIGHER-ORDER MOMENT DESCRIPTIVE STATISTICS

         Variable/         Mean/     Skewness/   Minimum/ % with                Percentiles
        Sample Size      Variance    Kurtosis    Maximum  Min/Max      20%/60%    40%/80%    Median

     Q62_T1                3.957      -0.078       1.000    6.76%       2.000      4.000      4.000
             222.000       2.468      -0.715       7.000    4.95%       4.000      5.000
     Q64_T1                4.128      -0.190       1.000    4.50%       3.000      4.000      4.000
             222.000       2.219      -0.678       7.000    3.60%       5.000      5.000
     Q72_T1                4.023      -0.086       1.000    4.05%       3.000      4.000      4.000
             222.000       2.040      -0.467       7.000    4.05%       4.000      5.000
     Q61_T1                5.005      -0.666       1.000    1.80%       4.000      5.000      5.000
             222.000       1.617       0.770       7.000   11.71%       5.000      6.000
     Q73_T1                4.532      -0.345       1.000    3.60%       3.000      4.000      5.000
             222.000       2.465      -0.630       7.000    9.46%       5.000      6.000
     Q74_T1                4.689      -0.414       1.000    1.80%       4.000      4.000      5.000
             222.000       1.739      -0.059       7.000    6.76%       5.000      6.000
     Q28                   3.905      -0.160       0.000    0.97%       2.000      4.000      4.000
             206.000       2.953      -0.864       7.000    4.85%       4.000      6.000
     Q28A                  4.019      -0.168       0.000    0.97%       2.000      4.000      4.000
             206.000       2.677      -0.615       7.000    5.83%       4.000      6.000
     Q28C                  3.692       0.095       0.000    0.97%       2.000      3.000      4.000
             206.000       3.761      -1.089       7.000    9.71%       4.000      6.000
     Q161_T1               4.005       0.032       1.000    6.76%       3.000      4.000      4.000
             222.000       2.563      -0.619       7.000    7.66%       4.000      5.000
     Q162_T1               3.838       0.116       1.000    7.21%       2.000      3.000      4.000
             222.000       2.469      -0.568       7.000    6.31%       4.000      5.000
     Q164_T1               3.750       0.077       1.000   11.71%       2.000      3.000      4.000
             222.000       2.907      -0.802       7.000    6.76%       4.000      5.000
     Q54_T1                5.357      -0.602       2.000    2.26%       4.000      5.000      6.000
             221.000       1.542      -0.214       7.000   18.10%       6.000      6.000
     Q56_T1                5.048      -0.436       1.000    0.45%       4.000      5.000      5.000
             221.000       1.632      -0.226       7.000   12.22%       5.000      6.000
     Q57_T1                4.882      -0.248       1.000    0.90%       4.000      5.000      5.000
             221.000       1.753      -0.190       7.000   13.12%       5.000      6.000
     Q87_T1                4.662      -0.464       1.000    5.41%       3.000      4.000      5.000
             222.000       2.757      -0.556       7.000   13.96%       5.000      6.000
     Q88_T1                4.108       0.078       1.000    4.05%       3.000      4.000      4.000
             222.000       2.313      -0.617       7.000    7.21%       4.000      5.000
     Q89_T1                4.144       0.098       1.000    3.60%       3.000      4.000      4.000
             222.000       2.538      -0.807       7.000    9.01%       5.000      6.000
     SIZE                  4.284       0.710       1.000    2.25%       3.000      3.000      4.000
             222.000       3.609      -0.104       9.000    4.05%       5.000      6.000
     PM                   -0.658     -13.629     -95.962    0.45%      -0.043      0.026      0.043
             222.000      43.601     192.656       3.651    0.45%       0.057      0.134
     LASSETS               9.989       0.931       5.709    0.45%       8.443      9.118      9.605
             222.000       4.054       0.869      16.284    0.90%      10.037     11.538
     AGE                  25.063       0.801       4.000    1.35%      13.000     18.000     21.000
             222.000     198.654      -0.589      52.000   13.51%      24.000     37.000


THE MODEL ESTIMATION TERMINATED NORMALLY



MODEL FIT INFORMATION

Number of Free Parameters                       70

Loglikelihood

          H0 Value                       -6328.333
          H1 Value                       -6122.856

Information Criteria

          Akaike (AIC)                   12796.666
          Bayesian (BIC)                 13034.853
          Sample-Size Adjusted BIC       12813.017
            (n* = (n + 2) / 24)

Chi-Square Test of Model Fit

          Value                            410.953
          Degrees of Freedom                   191
          P-Value                           0.0000

RMSEA (Root Mean Square Error Of Approximation)

          Estimate                           0.072
          90 Percent C.I.                    0.062  0.082
          Probability RMSEA <= .05           0.000

CFI/TLI

          CFI                                0.889
          TLI                                0.869

Chi-Square Test of Model Fit for the Baseline Model

          Value                           2206.712
          Degrees of Freedom                   225
          P-Value                           0.0000

SRMR (Standardized Root Mean Square Residual)

          Value                              0.098



MODEL RESULTS

                                                    Two-Tailed
                    Estimate       S.E.  Est./S.E.    P-Value

 DCL      BY
    Q62_T1             1.000      0.000    999.000    999.000
    Q64_T1             1.387      0.174      7.951      0.000
    Q72_T1             1.159      0.166      6.976      0.000

 DCC      BY
    Q61_T1             1.000      0.000    999.000    999.000
    Q73_T1             1.101      0.132      8.361      0.000
    Q74_T1             1.114      0.111      9.992      0.000

 CA0      BY
    Q28                1.000      0.000    999.000    999.000
    Q28A               0.770      0.094      8.166      0.000
    Q28C               0.954      0.118      8.080      0.000

 CA1      BY
    Q161_T1            1.000      0.000    999.000    999.000
    Q162_T1            1.014      0.084     12.015      0.000
    Q164_T1            1.037      0.097     10.690      0.000

 P        BY
    Q54_T1             1.000      0.000    999.000    999.000
    Q56_T1             1.476      0.221      6.682      0.000
    Q57_T1             1.629      0.272      5.990      0.000

 R        BY
    Q87_T1             1.000      0.000    999.000    999.000
    Q88_T1             1.001      0.053     18.866      0.000
    Q89_T1             1.097      0.055     19.959      0.000

 R        ON
    DCL                1.330      0.285      4.673      0.000
    DCC               -0.454      0.206     -2.209      0.027

 P        ON
    DCL                0.177      0.101      1.757      0.079
    DCC                0.212      0.101      2.091      0.037

 CA1      ON
    CA0                0.210      0.072      2.913      0.004
    R                 -0.096      0.093     -1.031      0.303
    P                  0.731      0.198      3.698      0.000
    DCL                0.804      0.303      2.651      0.008
    DCC               -0.436      0.209     -2.087      0.037

 CA1      ON
    PM                 0.021      0.011      1.792      0.073
    SIZE               0.100      0.080      1.251      0.211
    LASSETS            0.042      0.078      0.535      0.593
    AGE               -0.003      0.006     -0.442      0.659

 DCC      WITH
    DCL                0.581      0.108      5.388      0.000

 CA0      WITH
    DCL                0.173      0.113      1.539      0.124
    DCC               -0.040      0.124     -0.323      0.747

 Intercepts
    Q62_T1             3.957      0.105     37.533      0.000
    Q64_T1             4.128      0.100     41.294      0.000
    Q72_T1             4.023      0.096     41.962      0.000
    Q61_T1             5.005      0.085     58.637      0.000
    Q73_T1             4.532      0.105     43.002      0.000
    Q74_T1             4.689      0.089     52.982      0.000
    Q28                3.890      0.120     32.528      0.000
    Q28A               4.008      0.114     35.184      0.000
    Q28C               3.677      0.135     27.238      0.000
    Q161_T1            3.240      0.538      6.017      0.000
    Q162_T1            3.063      0.542      5.653      0.000
    Q164_T1            2.957      0.557      5.309      0.000
    Q54_T1             5.357      0.083     64.154      0.000
    Q56_T1             5.046      0.086     58.761      0.000
    Q57_T1             4.881      0.089     54.850      0.000
    Q87_T1             4.662      0.111     41.832      0.000
    Q88_T1             4.108      0.102     40.250      0.000
    Q89_T1             4.144      0.107     38.760      0.000

 Variances
    DCL                0.744      0.185      4.024      0.000
    DCC                0.893      0.154      5.807      0.000
    CA0                2.050      0.344      5.965      0.000

 Residual Variances
    Q62_T1             1.724      0.181      9.508      0.000
    Q64_T1             0.788      0.128      6.139      0.000
    Q72_T1             1.041      0.124      8.372      0.000
    Q61_T1             0.724      0.098      7.415      0.000
    Q73_T1             1.383      0.162      8.537      0.000
    Q74_T1             0.632      0.103      6.144      0.000
    Q28                0.909      0.222      4.095      0.000
    Q28A               1.464      0.187      7.830      0.000
    Q28C               1.899      0.268      7.095      0.000
    Q161_T1            0.974      0.133      7.307      0.000
    Q162_T1            0.835      0.127      6.570      0.000
    Q164_T1            1.199      0.161      7.449      0.000
    Q54_T1             1.126      0.124      9.052      0.000
    Q56_T1             0.726      0.112      6.496      0.000
    Q57_T1             0.649      0.127      5.114      0.000
    Q87_T1             0.796      0.087      9.119      0.000
    Q88_T1             0.346      0.053      6.515      0.000
    Q89_T1             0.178      0.053      3.369      0.001
    CA1                0.706      0.154      4.594      0.000
    P                  0.309      0.087      3.536      0.000
    R                  1.162      0.193      6.013      0.000


STANDARDIZED MODEL RESULTS


STDYX Standardization

                                                    Two-Tailed
                    Estimate       S.E.  Est./S.E.    P-Value

 DCL      BY
    Q62_T1             0.549      0.055      9.979      0.000
    Q64_T1             0.803      0.038     21.282      0.000
    Q72_T1             0.700      0.043     16.182      0.000

 DCC      BY
    Q61_T1             0.743      0.042     17.835      0.000
    Q73_T1             0.662      0.048     13.921      0.000
    Q74_T1             0.798      0.039     20.609      0.000

 CA0      BY
    Q28                0.832      0.046     17.936      0.000
    Q28A               0.674      0.050     13.353      0.000
    Q28C               0.704      0.051     13.932      0.000

 CA1      BY
    Q161_T1            0.772      0.036     21.272      0.000
    Q162_T1            0.799      0.035     22.529      0.000
    Q164_T1            0.750      0.038     19.548      0.000

 P        BY
    Q54_T1             0.519      0.063      8.245      0.000
    Q56_T1             0.745      0.047     15.886      0.000
    Q57_T1             0.793      0.047     16.879      0.000

 R        BY
    Q87_T1             0.843      0.022     39.162      0.000
    Q88_T1             0.922      0.014     65.837      0.000
    Q89_T1             0.964      0.011     85.802      0.000

 R        ON
    DCL                0.819      0.126      6.513      0.000
    DCC               -0.307      0.136     -2.251      0.024

 P        ON
    DCL                0.236      0.131      1.799      0.072
    DCC                0.311      0.133      2.330      0.020

 CA1      ON
    CA0                0.251      0.083      3.026      0.002
    R                 -0.112      0.109     -1.033      0.302
    P                  0.394      0.088      4.481      0.000
    DCL                0.579      0.199      2.912      0.004
    DCC               -0.344      0.163     -2.116      0.034

 CA1      ON
    PM                 0.113      0.063      1.799      0.072
    SIZE               0.159      0.127      1.249      0.211
    LASSETS            0.070      0.131      0.535      0.593
    AGE               -0.033      0.074     -0.441      0.659

 DCC      WITH
    DCL                0.712      0.059     12.096      0.000

 CA0      WITH
    DCL                0.140      0.087      1.618      0.106
    DCC               -0.030      0.092     -0.322      0.748

 Intercepts
    Q62_T1             2.519      0.137     18.374      0.000
    Q64_T1             2.771      0.148     18.769      0.000
    Q72_T1             2.816      0.150     18.831      0.000
    Q61_T1             3.935      0.198     19.830      0.000
    Q73_T1             2.886      0.153     18.922      0.000
    Q74_T1             3.556      0.182     19.580      0.000
    Q28                2.261      0.132     17.104      0.000
    Q28A               2.448      0.140     17.489      0.000
    Q28C               1.895      0.117     16.180      0.000
    Q161_T1            2.088      0.360      5.806      0.000
    Q162_T1            2.015      0.368      5.480      0.000
    Q164_T1            1.786      0.347      5.151      0.000
    Q54_T1             4.315      0.216     19.979      0.000
    Q56_T1             3.951      0.200     19.800      0.000
    Q57_T1             3.688      0.188     19.636      0.000
    Q87_T1             2.808      0.149     18.819      0.000
    Q88_T1             2.701      0.145     18.668      0.000
    Q89_T1             2.601      0.141     18.513      0.000

 Variances
    DCL                1.000      0.000    999.000    999.000
    DCC                1.000      0.000    999.000    999.000
    CA0                1.000      0.000    999.000    999.000

 Residual Variances
    Q62_T1             0.699      0.060     11.559      0.000
    Q64_T1             0.355      0.061      5.858      0.000
    Q72_T1             0.510      0.061      8.427      0.000
    Q61_T1             0.448      0.062      7.230      0.000
    Q73_T1             0.561      0.063      8.902      0.000
    Q74_T1             0.363      0.062      5.877      0.000
    Q28                0.307      0.077      3.976      0.000
    Q28A               0.546      0.068      8.036      0.000
    Q28C               0.504      0.071      7.089      0.000
    Q161_T1            0.404      0.056      7.221      0.000
    Q162_T1            0.361      0.057      6.375      0.000
    Q164_T1            0.437      0.058      7.599      0.000
    Q54_T1             0.730      0.065     11.163      0.000
    Q56_T1             0.445      0.070      6.366      0.000
    Q57_T1             0.370      0.075      4.967      0.000
    Q87_T1             0.289      0.036      7.947      0.000
    Q88_T1             0.149      0.026      5.786      0.000
    Q89_T1             0.070      0.022      3.230      0.001
    CA1                0.492      0.081      6.102      0.000
    P                  0.743      0.069     10.845      0.000
    R                  0.593      0.080      7.400      0.000


STDY Standardization

                                                    Two-Tailed
                    Estimate       S.E.  Est./S.E.    P-Value

 DCL      BY
    Q62_T1             0.549      0.055      9.979      0.000
    Q64_T1             0.803      0.038     21.282      0.000
    Q72_T1             0.700      0.043     16.182      0.000

 DCC      BY
    Q61_T1             0.743      0.042     17.835      0.000
    Q73_T1             0.662      0.048     13.921      0.000
    Q74_T1             0.798      0.039     20.609      0.000

 CA0      BY
    Q28                0.832      0.046     17.936      0.000
    Q28A               0.674      0.050     13.353      0.000
    Q28C               0.704      0.051     13.932      0.000

 CA1      BY
    Q161_T1            0.772      0.036     21.272      0.000
    Q162_T1            0.799      0.035     22.529      0.000
    Q164_T1            0.750      0.038     19.548      0.000

 P        BY
    Q54_T1             0.519      0.063      8.245      0.000
    Q56_T1             0.745      0.047     15.886      0.000
    Q57_T1             0.793      0.047     16.879      0.000

 R        BY
    Q87_T1             0.843      0.022     39.162      0.000
    Q88_T1             0.922      0.014     65.837      0.000
    Q89_T1             0.964      0.011     85.802      0.000

 R        ON
    DCL                0.819      0.126      6.513      0.000
    DCC               -0.307      0.136     -2.251      0.024

 P        ON
    DCL                0.236      0.131      1.799      0.072
    DCC                0.311      0.133      2.330      0.020

 CA1      ON
    CA0                0.251      0.083      3.026      0.002
    R                 -0.112      0.109     -1.033      0.302
    P                  0.394      0.088      4.481      0.000
    DCL                0.579      0.199      2.912      0.004
    DCC               -0.344      0.163     -2.116      0.034

 CA1      ON
    PM                 0.017      0.009      1.805      0.071
    SIZE               0.084      0.067      1.251      0.211
    LASSETS            0.035      0.065      0.535      0.593
    AGE               -0.002      0.005     -0.441      0.659

 DCC      WITH
    DCL                0.712      0.059     12.096      0.000

 CA0      WITH
    DCL                0.140      0.087      1.618      0.106
    DCC               -0.030      0.092     -0.322      0.748

 Intercepts
    Q62_T1             2.519      0.137     18.374      0.000
    Q64_T1             2.771      0.148     18.769      0.000
    Q72_T1             2.816      0.150     18.831      0.000
    Q61_T1             3.935      0.198     19.830      0.000
    Q73_T1             2.886      0.153     18.922      0.000
    Q74_T1             3.556      0.182     19.580      0.000
    Q28                2.261      0.132     17.104      0.000
    Q28A               2.448      0.140     17.489      0.000
    Q28C               1.895      0.117     16.180      0.000
    Q161_T1            2.088      0.360      5.806      0.000
    Q162_T1            2.015      0.368      5.480      0.000
    Q164_T1            1.786      0.347      5.151      0.000
    Q54_T1             4.315      0.216     19.979      0.000
    Q56_T1             3.951      0.200     19.800      0.000
    Q57_T1             3.688      0.188     19.636      0.000
    Q87_T1             2.808      0.149     18.819      0.000
    Q88_T1             2.701      0.145     18.668      0.000
    Q89_T1             2.601      0.141     18.513      0.000

 Variances
    DCL                1.000      0.000    999.000    999.000
    DCC                1.000      0.000    999.000    999.000
    CA0                1.000      0.000    999.000    999.000

 Residual Variances
    Q62_T1             0.699      0.060     11.559      0.000
    Q64_T1             0.355      0.061      5.858      0.000
    Q72_T1             0.510      0.061      8.427      0.000
    Q61_T1             0.448      0.062      7.230      0.000
    Q73_T1             0.561      0.063      8.902      0.000
    Q74_T1             0.363      0.062      5.877      0.000
    Q28                0.307      0.077      3.976      0.000
    Q28A               0.546      0.068      8.036      0.000
    Q28C               0.504      0.071      7.089      0.000
    Q161_T1            0.404      0.056      7.221      0.000
    Q162_T1            0.361      0.057      6.375      0.000
    Q164_T1            0.437      0.058      7.599      0.000
    Q54_T1             0.730      0.065     11.163      0.000
    Q56_T1             0.445      0.070      6.366      0.000
    Q57_T1             0.370      0.075      4.967      0.000
    Q87_T1             0.289      0.036      7.947      0.000
    Q88_T1             0.149      0.026      5.786      0.000
    Q89_T1             0.070      0.022      3.230      0.001
    CA1                0.492      0.081      6.102      0.000
    P                  0.743      0.069     10.845      0.000
    R                  0.593      0.080      7.400      0.000


STD Standardization

                                                    Two-Tailed
                    Estimate       S.E.  Est./S.E.    P-Value

 DCL      BY
    Q62_T1             0.863      0.107      8.048      0.000
    Q64_T1             1.196      0.093     12.846      0.000
    Q72_T1             1.000      0.091     10.931      0.000

 DCC      BY
    Q61_T1             0.945      0.081     11.615      0.000
    Q73_T1             1.040      0.104     10.030      0.000
    Q74_T1             1.052      0.083     12.657      0.000

 CA0      BY
    Q28                1.432      0.120     11.930      0.000
    Q28A               1.103      0.114      9.657      0.000
    Q28C               1.366      0.137      9.965      0.000

 CA1      BY
    Q161_T1            1.198      0.091     13.185      0.000
    Q162_T1            1.215      0.089     13.622      0.000
    Q164_T1            1.242      0.098     12.727      0.000

 P        BY
    Q54_T1             0.645      0.092      7.024      0.000
    Q56_T1             0.952      0.086     11.023      0.000
    Q57_T1             1.050      0.091     11.596      0.000

 R        BY
    Q87_T1             1.400      0.091     15.422      0.000
    Q88_T1             1.402      0.079     17.800      0.000
    Q89_T1             1.536      0.080     19.232      0.000

 R        ON
    DCL                0.819      0.126      6.513      0.000
    DCC               -0.307      0.136     -2.251      0.024

 P        ON
    DCL                0.236      0.131      1.799      0.072
    DCC                0.311      0.133      2.330      0.020

 CA1      ON
    CA0                0.251      0.083      3.026      0.002
    R                 -0.112      0.109     -1.033      0.302
    P                  0.394      0.088      4.481      0.000
    DCL                0.579      0.199      2.912      0.004
    DCC               -0.344      0.163     -2.116      0.034

 CA1      ON
    PM                 0.017      0.009      1.805      0.071
    SIZE               0.084      0.067      1.251      0.211
    LASSETS            0.035      0.065      0.535      0.593
    AGE               -0.002      0.005     -0.441      0.659

 DCC      WITH
    DCL                0.712      0.059     12.096      0.000

 CA0      WITH
    DCL                0.140      0.087      1.618      0.106
    DCC               -0.030      0.092     -0.322      0.748

 Intercepts
    Q62_T1             3.957      0.105     37.533      0.000
    Q64_T1             4.128      0.100     41.294      0.000
    Q72_T1             4.023      0.096     41.962      0.000
    Q61_T1             5.005      0.085     58.637      0.000
    Q73_T1             4.532      0.105     43.002      0.000
    Q74_T1             4.689      0.089     52.982      0.000
    Q28                3.890      0.120     32.528      0.000
    Q28A               4.008      0.114     35.184      0.000
    Q28C               3.677      0.135     27.238      0.000
    Q161_T1            3.240      0.538      6.017      0.000
    Q162_T1            3.063      0.542      5.653      0.000
    Q164_T1            2.957      0.557      5.309      0.000
    Q54_T1             5.357      0.083     64.154      0.000
    Q56_T1             5.046      0.086     58.761      0.000
    Q57_T1             4.881      0.089     54.850      0.000
    Q87_T1             4.662      0.111     41.832      0.000
    Q88_T1             4.108      0.102     40.250      0.000
    Q89_T1             4.144      0.107     38.760      0.000

 Variances
    DCL                1.000      0.000    999.000    999.000
    DCC                1.000      0.000    999.000    999.000
    CA0                1.000      0.000    999.000    999.000

 Residual Variances
    Q62_T1             1.724      0.181      9.508      0.000
    Q64_T1             0.788      0.128      6.139      0.000
    Q72_T1             1.041      0.124      8.372      0.000
    Q61_T1             0.724      0.098      7.415      0.000
    Q73_T1             1.383      0.162      8.537      0.000
    Q74_T1             0.632      0.103      6.144      0.000
    Q28                0.909      0.222      4.095      0.000
    Q28A               1.464      0.187      7.830      0.000
    Q28C               1.899      0.268      7.095      0.000
    Q161_T1            0.974      0.133      7.307      0.000
    Q162_T1            0.835      0.127      6.570      0.000
    Q164_T1            1.199      0.161      7.449      0.000
    Q54_T1             1.126      0.124      9.052      0.000
    Q56_T1             0.726      0.112      6.496      0.000
    Q57_T1             0.649      0.127      5.114      0.000
    Q87_T1             0.796      0.087      9.119      0.000
    Q88_T1             0.346      0.053      6.515      0.000
    Q89_T1             0.178      0.053      3.369      0.001
    CA1                0.492      0.081      6.102      0.000
    P                  0.743      0.069     10.845      0.000
    R                  0.593      0.080      7.400      0.000


R-SQUARE

    Observed                                        Two-Tailed
    Variable        Estimate       S.E.  Est./S.E.    P-Value

    Q62_T1             0.301      0.060      4.989      0.000
    Q64_T1             0.645      0.061     10.641      0.000
    Q72_T1             0.490      0.061      8.091      0.000
    Q61_T1             0.552      0.062      8.917      0.000
    Q73_T1             0.439      0.063      6.961      0.000
    Q74_T1             0.637      0.062     10.304      0.000
    Q28                0.693      0.077      8.968      0.000
    Q28A               0.454      0.068      6.676      0.000
    Q28C               0.496      0.071      6.966      0.000
    Q161_T1            0.596      0.056     10.636      0.000
    Q162_T1            0.639      0.057     11.265      0.000
    Q164_T1            0.563      0.058      9.774      0.000
    Q54_T1             0.270      0.065      4.122      0.000
    Q56_T1             0.555      0.070      7.943      0.000
    Q57_T1             0.630      0.075      8.440      0.000
    Q87_T1             0.711      0.036     19.581      0.000
    Q88_T1             0.851      0.026     32.918      0.000
    Q89_T1             0.930      0.022     42.901      0.000

     Latent                                         Two-Tailed
    Variable        Estimate       S.E.  Est./S.E.    P-Value

    CA1                0.508      0.081      6.290      0.000
    P                  0.257      0.069      3.750      0.000
    R                  0.407      0.080      5.086      0.000


QUALITY OF NUMERICAL RESULTS

     Condition Number for the Information Matrix              0.148E-04
       (ratio of smallest to largest eigenvalue)


     Beginning Time:  12:22:33
        Ending Time:  12:22:33
       Elapsed Time:  00:00:00



MUTHEN & MUTHEN
3463 Stoner Ave.
Los Angeles, CA  90066

Tel: (310) 391-9971
Fax: (310) 391-8971
Web: www.StatModel.com
Support: Support@StatModel.com

Copyright (c) 1998-2017 Muthen & Muthen
